{"C:\\Users\\Taksist\\Desktop\\student-rating-service\\spa-lab3\\src\\App.jsx": {"path":"C:\\Users\\Taksist\\Desktop\\student-rating-service\\spa-lab3\\src\\App.jsx","statementMap":{"0":{"start":{"line":7,"column":21},"end":{"line":7,"column":44}},"1":{"start":{"line":9,"column":2},"end":{"line":32,"column":4}}},"fnMap":{"0":{"name":"App","decl":{"start":{"line":6,"column":24},"end":{"line":6,"column":27}},"loc":{"start":{"line":6,"column":30},"end":{"line":33,"column":1}},"line":6}},"branchMap":{"0":{"loc":{"start":{"line":13,"column":9},"end":{"line":21,"column":9}},"type":"binary-expr","locations":[{"start":{"line":13,"column":9},"end":{"line":13,"column":15}},{"start":{"line":14,"column":10},"end":{"line":20,"column":16}}],"line":13}},"s":{"0":0,"1":0},"f":{"0":0},"b":{"0":[0,0]}}
,"C:\\Users\\Taksist\\Desktop\\student-rating-service\\spa-lab3\\src\\main.jsx": {"path":"C:\\Users\\Taksist\\Desktop\\student-rating-service\\spa-lab3\\src\\main.jsx","statementMap":{"0":{"start":{"line":10,"column":0},"end":{"line":18,"column":2}}},"fnMap":{},"branchMap":{},"s":{"0":0},"f":{},"b":{}}
,"C:\\Users\\Taksist\\Desktop\\student-rating-service\\spa-lab3\\src\\api\\api.js": {"path":"C:\\Users\\Taksist\\Desktop\\student-rating-service\\spa-lab3\\src\\api\\api.js","statementMap":{"0":{"start":{"line":1,"column":13},"end":{"line":1,"column":36}},"1":{"start":{"line":4,"column":2},"end":{"line":4,"column":47}},"2":{"start":{"line":4,"column":15},"end":{"line":4,"column":47}},"3":{"start":{"line":5,"column":2},"end":{"line":5,"column":20}},"4":{"start":{"line":9,"column":14},"end":{"line":9,"column":42}},"5":{"start":{"line":10,"column":2},"end":{"line":10,"column":24}},"6":{"start":{"line":13,"column":14},"end":{"line":17,"column":4}},"7":{"start":{"line":18,"column":2},"end":{"line":18,"column":24}},"8":{"start":{"line":21,"column":14},"end":{"line":25,"column":4}},"9":{"start":{"line":26,"column":2},"end":{"line":26,"column":24}},"10":{"start":{"line":29,"column":14},"end":{"line":29,"column":70}},"11":{"start":{"line":30,"column":2},"end":{"line":30,"column":47}},"12":{"start":{"line":30,"column":15},"end":{"line":30,"column":47}},"13":{"start":{"line":34,"column":14},"end":{"line":34,"column":44}},"14":{"start":{"line":35,"column":2},"end":{"line":35,"column":24}},"15":{"start":{"line":38,"column":14},"end":{"line":38,"column":50}},"16":{"start":{"line":39,"column":2},"end":{"line":39,"column":24}},"17":{"start":{"line":42,"column":14},"end":{"line":46,"column":4}},"18":{"start":{"line":47,"column":2},"end":{"line":47,"column":24}},"19":{"start":{"line":50,"column":14},"end":{"line":54,"column":4}},"20":{"start":{"line":55,"column":2},"end":{"line":55,"column":24}}},"fnMap":{"0":{"name":"handleRes","decl":{"start":{"line":3,"column":15},"end":{"line":3,"column":24}},"loc":{"start":{"line":3,"column":30},"end":{"line":6,"column":1}},"line":3},"1":{"name":"fetchUsers","decl":{"start":{"line":8,"column":22},"end":{"line":8,"column":32}},"loc":{"start":{"line":8,"column":35},"end":{"line":11,"column":1}},"line":8},"2":{"name":"createUser","decl":{"start":{"line":12,"column":22},"end":{"line":12,"column":32}},"loc":{"start":{"line":12,"column":39},"end":{"line":19,"column":1}},"line":12},"3":{"name":"updateUser","decl":{"start":{"line":20,"column":22},"end":{"line":20,"column":32}},"loc":{"start":{"line":20,"column":43},"end":{"line":27,"column":1}},"line":20},"4":{"name":"deleteUser","decl":{"start":{"line":28,"column":22},"end":{"line":28,"column":32}},"loc":{"start":{"line":28,"column":37},"end":{"line":31,"column":1}},"line":28},"5":{"name":"fetchRatings","decl":{"start":{"line":33,"column":22},"end":{"line":33,"column":34}},"loc":{"start":{"line":33,"column":37},"end":{"line":36,"column":1}},"line":33},"6":{"name":"fetchRatingById","decl":{"start":{"line":37,"column":22},"end":{"line":37,"column":37}},"loc":{"start":{"line":37,"column":42},"end":{"line":40,"column":1}},"line":37},"7":{"name":"createRating","decl":{"start":{"line":41,"column":22},"end":{"line":41,"column":34}},"loc":{"start":{"line":41,"column":43},"end":{"line":48,"column":1}},"line":41},"8":{"name":"updateRating","decl":{"start":{"line":49,"column":22},"end":{"line":49,"column":34}},"loc":{"start":{"line":49,"column":47},"end":{"line":56,"column":1}},"line":49}},"branchMap":{"0":{"loc":{"start":{"line":4,"column":2},"end":{"line":4,"column":47}},"type":"if","locations":[{"start":{"line":4,"column":2},"end":{"line":4,"column":47}},{"start":{},"end":{}}],"line":4},"1":{"loc":{"start":{"line":30,"column":2},"end":{"line":30,"column":47}},"type":"if","locations":[{"start":{"line":30,"column":2},"end":{"line":30,"column":47}},{"start":{},"end":{}}],"line":30}},"s":{"0":1,"1":7,"2":0,"3":7,"4":1,"5":1,"6":1,"7":1,"8":1,"9":1,"10":1,"11":1,"12":0,"13":1,"14":1,"15":1,"16":1,"17":1,"18":1,"19":1,"20":1},"f":{"0":7,"1":1,"2":1,"3":1,"4":1,"5":1,"6":1,"7":1,"8":1},"b":{"0":[0,7],"1":[0,1]},"_coverageSchema":"1a1c01bbd47fc00a2c39e90264f33305004495a9","hash":"739d5c1c0beafc6e72e5b57df06237d1b3ca4502"}
,"C:\\Users\\Taksist\\Desktop\\student-rating-service\\spa-lab3\\src\\components\\Home.jsx": {"path":"C:\\Users\\Taksist\\Desktop\\student-rating-service\\spa-lab3\\src\\components\\Home.jsx","statementMap":{"0":{"start":{"line":4,"column":2},"end":{"line":9,"column":4}}},"fnMap":{"0":{"name":"Home","decl":{"start":{"line":3,"column":24},"end":{"line":3,"column":28}},"loc":{"start":{"line":3,"column":31},"end":{"line":10,"column":1}},"line":3}},"branchMap":{},"s":{"0":0},"f":{"0":0},"b":{}}
,"C:\\Users\\Taksist\\Desktop\\student-rating-service\\spa-lab3\\src\\components\\Auth\\Login.jsx": {"path":"C:\\Users\\Taksist\\Desktop\\student-rating-service\\spa-lab3\\src\\components\\Auth\\Login.jsx","statementMap":{"0":{"start":{"line":6,"column":34},"end":{"line":6,"column":46}},"1":{"start":{"line":7,"column":34},"end":{"line":7,"column":46}},"2":{"start":{"line":8,"column":20},"end":{"line":8,"column":43}},"3":{"start":{"line":9,"column":14},"end":{"line":9,"column":27}},"4":{"start":{"line":12,"column":4},"end":{"line":12,"column":23}},"5":{"start":{"line":13,"column":4},"end":{"line":13,"column":25}},"6":{"start":{"line":14,"column":4},"end":{"line":14,"column":13}},"7":{"start":{"line":17,"column":2},"end":{"line":37,"column":4}},"8":{"start":{"line":24,"column":32},"end":{"line":24,"column":59}},"9":{"start":{"line":31,"column":32},"end":{"line":31,"column":59}}},"fnMap":{"0":{"name":"Login","decl":{"start":{"line":5,"column":24},"end":{"line":5,"column":29}},"loc":{"start":{"line":5,"column":32},"end":{"line":38,"column":1}},"line":5},"1":{"name":"onSubmit","decl":{"start":{"line":11,"column":11},"end":{"line":11,"column":19}},"loc":{"start":{"line":11,"column":23},"end":{"line":15,"column":3}},"line":11},"2":{"name":"(anonymous_2)","decl":{"start":{"line":24,"column":27},"end":{"line":24,"column":28}},"loc":{"start":{"line":24,"column":32},"end":{"line":24,"column":59}},"line":24},"3":{"name":"(anonymous_3)","decl":{"start":{"line":31,"column":27},"end":{"line":31,"column":28}},"loc":{"start":{"line":31,"column":32},"end":{"line":31,"column":59}},"line":31}},"branchMap":{},"s":{"0":0,"1":0,"2":0,"3":0,"4":0,"5":0,"6":0,"7":0,"8":0,"9":0},"f":{"0":0,"1":0,"2":0,"3":0},"b":{}}
,"C:\\Users\\Taksist\\Desktop\\student-rating-service\\spa-lab3\\src\\components\\Auth\\Logout.jsx": {"path":"C:\\Users\\Taksist\\Desktop\\student-rating-service\\spa-lab3\\src\\components\\Auth\\Logout.jsx","statementMap":{"0":{"start":{"line":5,"column":21},"end":{"line":5,"column":44}},"1":{"start":{"line":6,"column":2},"end":{"line":6,"column":37}},"2":{"start":{"line":6,"column":20},"end":{"line":6,"column":29}},"3":{"start":{"line":7,"column":2},"end":{"line":12,"column":4}}},"fnMap":{"0":{"name":"Logout","decl":{"start":{"line":4,"column":24},"end":{"line":4,"column":30}},"loc":{"start":{"line":4,"column":33},"end":{"line":13,"column":1}},"line":4},"1":{"name":"(anonymous_1)","decl":{"start":{"line":6,"column":12},"end":{"line":6,"column":13}},"loc":{"start":{"line":6,"column":18},"end":{"line":6,"column":31}},"line":6}},"branchMap":{},"s":{"0":0,"1":0,"2":0,"3":0},"f":{"0":0,"1":0},"b":{}}
,"C:\\Users\\Taksist\\Desktop\\student-rating-service\\spa-lab3\\src\\components\\Auth\\ProtectedRoute.jsx": {"path":"C:\\Users\\Taksist\\Desktop\\student-rating-service\\spa-lab3\\src\\components\\Auth\\ProtectedRoute.jsx","statementMap":{"0":{"start":{"line":6,"column":21},"end":{"line":6,"column":44}},"1":{"start":{"line":7,"column":2},"end":{"line":7,"column":63}}},"fnMap":{"0":{"name":"ProtectedRoute","decl":{"start":{"line":5,"column":24},"end":{"line":5,"column":38}},"loc":{"start":{"line":5,"column":41},"end":{"line":8,"column":1}},"line":5}},"branchMap":{"0":{"loc":{"start":{"line":7,"column":9},"end":{"line":7,"column":62}},"type":"cond-expr","locations":[{"start":{"line":7,"column":18},"end":{"line":7,"column":27}},{"start":{"line":7,"column":30},"end":{"line":7,"column":62}}],"line":7}},"s":{"0":0,"1":0},"f":{"0":0},"b":{"0":[0,0]}}
,"C:\\Users\\Taksist\\Desktop\\student-rating-service\\spa-lab3\\src\\components\\Ratings\\RatingForm.jsx": {"path":"C:\\Users\\Taksist\\Desktop\\student-rating-service\\spa-lab3\\src\\components\\Ratings\\RatingForm.jsx","statementMap":{"0":{"start":{"line":5,"column":17},"end":{"line":11,"column":1}},"1":{"start":{"line":14,"column":17},"end":{"line":14,"column":28}},"2":{"start":{"line":15,"column":14},"end":{"line":15,"column":27}},"3":{"start":{"line":17,"column":32},"end":{"line":17,"column":46}},"4":{"start":{"line":18,"column":30},"end":{"line":18,"column":42}},"5":{"start":{"line":19,"column":34},"end":{"line":19,"column":46}},"6":{"start":{"line":21,"column":2},"end":{"line":36,"column":11}},"7":{"start":{"line":23,"column":6},"end":{"line":23,"column":23}},"8":{"start":{"line":24,"column":6},"end":{"line":33,"column":7}},"9":{"start":{"line":25,"column":18},"end":{"line":25,"column":43}},"10":{"start":{"line":26,"column":8},"end":{"line":26,"column":32}},"11":{"start":{"line":27,"column":8},"end":{"line":27,"column":38}},"12":{"start":{"line":29,"column":8},"end":{"line":29,"column":25}},"13":{"start":{"line":30,"column":8},"end":{"line":30,"column":57}},"14":{"start":{"line":32,"column":8},"end":{"line":32,"column":26}},"15":{"start":{"line":35,"column":4},"end":{"line":35,"column":11}},"16":{"start":{"line":39,"column":18},"end":{"line":39,"column":40}},"17":{"start":{"line":40,"column":4},"end":{"line":46,"column":8}},"18":{"start":{"line":40,"column":25},"end":{"line":46,"column":5}},"19":{"start":{"line":50,"column":4},"end":{"line":50,"column":23}},"20":{"start":{"line":51,"column":4},"end":{"line":51,"column":21}},"21":{"start":{"line":52,"column":4},"end":{"line":60,"column":5}},"22":{"start":{"line":53,"column":6},"end":{"line":53,"column":50}},"23":{"start":{"line":54,"column":6},"end":{"line":54,"column":22}},"24":{"start":{"line":56,"column":6},"end":{"line":56,"column":23}},"25":{"start":{"line":57,"column":6},"end":{"line":57,"column":51}},"26":{"start":{"line":59,"column":6},"end":{"line":59,"column":24}},"27":{"start":{"line":63,"column":2},"end":{"line":63,"column":43}},"28":{"start":{"line":63,"column":15},"end":{"line":63,"column":43}},"29":{"start":{"line":65,"column":2},"end":{"line":120,"column":4}},"30":{"start":{"line":74,"column":27},"end":{"line":74,"column":51}},"31":{"start":{"line":80,"column":20},"end":{"line":80,"column":84}},"32":{"start":{"line":81,"column":10},"end":{"line":107,"column":12}},"33":{"start":{"line":85,"column":16},"end":{"line":94,"column":24}},"34":{"start":{"line":92,"column":35},"end":{"line":92,"column":67}},"35":{"start":{"line":103,"column":33},"end":{"line":103,"column":62}},"36":{"start":{"line":114,"column":25},"end":{"line":114,"column":40}}},"fnMap":{"0":{"name":"RatingForm","decl":{"start":{"line":13,"column":24},"end":{"line":13,"column":34}},"loc":{"start":{"line":13,"column":37},"end":{"line":121,"column":1}},"line":13},"1":{"name":"(anonymous_1)","decl":{"start":{"line":21,"column":12},"end":{"line":21,"column":13}},"loc":{"start":{"line":21,"column":18},"end":{"line":36,"column":3}},"line":21},"2":{"name":"load","decl":{"start":{"line":22,"column":19},"end":{"line":22,"column":23}},"loc":{"start":{"line":22,"column":26},"end":{"line":34,"column":5}},"line":22},"3":{"name":"handleChange","decl":{"start":{"line":38,"column":11},"end":{"line":38,"column":23}},"loc":{"start":{"line":38,"column":40},"end":{"line":47,"column":3}},"line":38},"4":{"name":"(anonymous_4)","decl":{"start":{"line":40,"column":16},"end":{"line":40,"column":17}},"loc":{"start":{"line":40,"column":25},"end":{"line":46,"column":5}},"line":40},"5":{"name":"onSubmit","decl":{"start":{"line":49,"column":17},"end":{"line":49,"column":25}},"loc":{"start":{"line":49,"column":29},"end":{"line":61,"column":3}},"line":49},"6":{"name":"(anonymous_6)","decl":{"start":{"line":74,"column":22},"end":{"line":74,"column":23}},"loc":{"start":{"line":74,"column":27},"end":{"line":74,"column":51}},"line":74},"7":{"name":"(anonymous_7)","decl":{"start":{"line":79,"column":22},"end":{"line":79,"column":23}},"loc":{"start":{"line":79,"column":30},"end":{"line":108,"column":9}},"line":79},"8":{"name":"(anonymous_8)","decl":{"start":{"line":84,"column":31},"end":{"line":84,"column":32}},"loc":{"start":{"line":85,"column":16},"end":{"line":94,"column":24}},"line":85},"9":{"name":"(anonymous_9)","decl":{"start":{"line":92,"column":30},"end":{"line":92,"column":31}},"loc":{"start":{"line":92,"column":35},"end":{"line":92,"column":67}},"line":92},"10":{"name":"(anonymous_10)","decl":{"start":{"line":103,"column":28},"end":{"line":103,"column":29}},"loc":{"start":{"line":103,"column":33},"end":{"line":103,"column":62}},"line":103},"11":{"name":"(anonymous_11)","decl":{"start":{"line":114,"column":19},"end":{"line":114,"column":20}},"loc":{"start":{"line":114,"column":25},"end":{"line":114,"column":40}},"line":114}},"branchMap":{"0":{"loc":{"start":{"line":26,"column":17},"end":{"line":26,"column":30}},"type":"binary-expr","locations":[{"start":{"line":26,"column":17},"end":{"line":26,"column":24}},{"start":{"line":26,"column":28},"end":{"line":26,"column":30}}],"line":26},"1":{"loc":{"start":{"line":27,"column":20},"end":{"line":27,"column":36}},"type":"binary-expr","locations":[{"start":{"line":27,"column":20},"end":{"line":27,"column":30}},{"start":{"line":27,"column":34},"end":{"line":27,"column":36}}],"line":27},"2":{"loc":{"start":{"line":63,"column":2},"end":{"line":63,"column":43}},"type":"if","locations":[{"start":{"line":63,"column":2},"end":{"line":63,"column":43}},{"start":{},"end":{}}],"line":63},"3":{"loc":{"start":{"line":80,"column":20},"end":{"line":80,"column":84}},"type":"binary-expr","locations":[{"start":{"line":80,"column":20},"end":{"line":80,"column":34}},{"start":{"line":80,"column":38},"end":{"line":80,"column":84}}],"line":80}},"s":{"0":1,"1":10,"2":10,"3":10,"4":10,"5":10,"6":10,"7":3,"8":3,"9":3,"10":3,"11":3,"12":0,"13":0,"14":3,"15":3,"16":1,"17":1,"18":1,"19":1,"20":1,"21":1,"22":1,"23":1,"24":0,"25":0,"26":1,"27":10,"28":4,"29":6,"30":1,"31":30,"32":30,"33":150,"34":1,"35":0,"36":1},"f":{"0":10,"1":3,"2":3,"3":1,"4":1,"5":1,"6":1,"7":30,"8":150,"9":1,"10":0,"11":1},"b":{"0":[3,0],"1":[3,0],"2":[4,6],"3":[30,0]},"_coverageSchema":"1a1c01bbd47fc00a2c39e90264f33305004495a9","hash":"1d384952ab4608428dcb35e621f56fbfb535eab3"}
,"C:\\Users\\Taksist\\Desktop\\student-rating-service\\spa-lab3\\src\\components\\Ratings\\RatingList.jsx": {"path":"C:\\Users\\Taksist\\Desktop\\student-rating-service\\spa-lab3\\src\\components\\Ratings\\RatingList.jsx","statementMap":{"0":{"start":{"line":5,"column":17},"end":{"line":11,"column":1}},"1":{"start":{"line":14,"column":32},"end":{"line":14,"column":46}},"2":{"start":{"line":15,"column":26},"end":{"line":15,"column":38}},"3":{"start":{"line":16,"column":14},"end":{"line":16,"column":27}},"4":{"start":{"line":18,"column":2},"end":{"line":56,"column":9}},"5":{"start":{"line":20,"column":6},"end":{"line":20,"column":23}},"6":{"start":{"line":21,"column":6},"end":{"line":53,"column":7}},"7":{"start":{"line":22,"column":33},"end":{"line":25,"column":10}},"8":{"start":{"line":26,"column":24},"end":{"line":26,"column":63}},"9":{"start":{"line":26,"column":42},"end":{"line":26,"column":62}},"10":{"start":{"line":27,"column":19},"end":{"line":46,"column":11}},"11":{"start":{"line":28,"column":18},"end":{"line":28,"column":54}},"12":{"start":{"line":28,"column":36},"end":{"line":28,"column":53}},"13":{"start":{"line":29,"column":10},"end":{"line":39,"column":11}},"14":{"start":{"line":30,"column":33},"end":{"line":30,"column":35}},"15":{"start":{"line":31,"column":12},"end":{"line":33,"column":15}},"16":{"start":{"line":32,"column":14},"end":{"line":32,"column":86}},"17":{"start":{"line":34,"column":12},"end":{"line":38,"column":15}},"18":{"start":{"line":40,"column":25},"end":{"line":43,"column":12}},"19":{"start":{"line":41,"column":22},"end":{"line":41,"column":38}},"20":{"start":{"line":42,"column":12},"end":{"line":42,"column":71}},"21":{"start":{"line":44,"column":22},"end":{"line":44,"column":83}},"22":{"start":{"line":44,"column":46},"end":{"line":44,"column":49}},"23":{"start":{"line":45,"column":10},"end":{"line":45,"column":71}},"24":{"start":{"line":47,"column":8},"end":{"line":47,"column":20}},"25":{"start":{"line":49,"column":8},"end":{"line":49,"column":25}},"26":{"start":{"line":50,"column":8},"end":{"line":50,"column":61}},"27":{"start":{"line":52,"column":8},"end":{"line":52,"column":26}},"28":{"start":{"line":55,"column":4},"end":{"line":55,"column":11}},"29":{"start":{"line":58,"column":2},"end":{"line":58,"column":46}},"30":{"start":{"line":58,"column":15},"end":{"line":58,"column":46}},"31":{"start":{"line":60,"column":2},"end":{"line":88,"column":4}},"32":{"start":{"line":71,"column":12},"end":{"line":83,"column":17}},"33":{"start":{"line":78,"column":33},"end":{"line":78,"column":61}}},"fnMap":{"0":{"name":"RatingList","decl":{"start":{"line":13,"column":24},"end":{"line":13,"column":34}},"loc":{"start":{"line":13,"column":37},"end":{"line":89,"column":1}},"line":13},"1":{"name":"(anonymous_1)","decl":{"start":{"line":18,"column":12},"end":{"line":18,"column":13}},"loc":{"start":{"line":18,"column":18},"end":{"line":56,"column":3}},"line":18},"2":{"name":"load","decl":{"start":{"line":19,"column":19},"end":{"line":19,"column":23}},"loc":{"start":{"line":19,"column":26},"end":{"line":54,"column":5}},"line":19},"3":{"name":"(anonymous_3)","decl":{"start":{"line":26,"column":37},"end":{"line":26,"column":38}},"loc":{"start":{"line":26,"column":42},"end":{"line":26,"column":62}},"line":26},"4":{"name":"(anonymous_4)","decl":{"start":{"line":27,"column":49},"end":{"line":27,"column":50}},"loc":{"start":{"line":27,"column":60},"end":{"line":46,"column":9}},"line":27},"5":{"name":"(anonymous_5)","decl":{"start":{"line":28,"column":31},"end":{"line":28,"column":32}},"loc":{"start":{"line":28,"column":36},"end":{"line":28,"column":53}},"line":28},"6":{"name":"(anonymous_6)","decl":{"start":{"line":31,"column":29},"end":{"line":31,"column":30}},"loc":{"start":{"line":31,"column":37},"end":{"line":33,"column":13}},"line":31},"7":{"name":"(anonymous_7)","decl":{"start":{"line":40,"column":38},"end":{"line":40,"column":39}},"loc":{"start":{"line":40,"column":46},"end":{"line":43,"column":11}},"line":40},"8":{"name":"(anonymous_8)","decl":{"start":{"line":44,"column":37},"end":{"line":44,"column":38}},"loc":{"start":{"line":44,"column":46},"end":{"line":44,"column":49}},"line":44},"9":{"name":"(anonymous_9)","decl":{"start":{"line":70,"column":20},"end":{"line":70,"column":21}},"loc":{"start":{"line":71,"column":12},"end":{"line":83,"column":17}},"line":71},"10":{"name":"(anonymous_10)","decl":{"start":{"line":78,"column":27},"end":{"line":78,"column":28}},"loc":{"start":{"line":78,"column":33},"end":{"line":78,"column":61}},"line":78}},"branchMap":{"0":{"loc":{"start":{"line":29,"column":10},"end":{"line":39,"column":11}},"type":"if","locations":[{"start":{"line":29,"column":10},"end":{"line":39,"column":11}},{"start":{},"end":{}}],"line":29},"1":{"loc":{"start":{"line":36,"column":21},"end":{"line":36,"column":34}},"type":"binary-expr","locations":[{"start":{"line":36,"column":21},"end":{"line":36,"column":28}},{"start":{"line":36,"column":32},"end":{"line":36,"column":34}}],"line":36},"2":{"loc":{"start":{"line":45,"column":50},"end":{"line":45,"column":63}},"type":"binary-expr","locations":[{"start":{"line":45,"column":50},"end":{"line":45,"column":57}},{"start":{"line":45,"column":61},"end":{"line":45,"column":63}}],"line":45},"3":{"loc":{"start":{"line":58,"column":2},"end":{"line":58,"column":46}},"type":"if","locations":[{"start":{"line":58,"column":2},"end":{"line":58,"column":46}},{"start":{},"end":{}}],"line":58}},"s":{"0":1,"1":4,"2":4,"3":4,"4":4,"5":2,"6":2,"7":2,"8":2,"9":3,"10":2,"11":2,"12":1,"13":2,"14":1,"15":1,"16":5,"17":1,"18":2,"19":10,"20":10,"21":2,"22":10,"23":2,"24":2,"25":0,"26":0,"27":2,"28":2,"29":4,"30":2,"31":2,"32":2,"33":1},"f":{"0":4,"1":2,"2":2,"3":3,"4":2,"5":1,"6":5,"7":10,"8":10,"9":2,"10":1},"b":{"0":[1,1],"1":[1,0],"2":[2,0],"3":[2,2]},"_coverageSchema":"1a1c01bbd47fc00a2c39e90264f33305004495a9","hash":"bcf6ddddc02692f37e08f983851c712d754663de"}
,"C:\\Users\\Taksist\\Desktop\\student-rating-service\\spa-lab3\\src\\components\\Top\\TopList.jsx": {"path":"C:\\Users\\Taksist\\Desktop\\student-rating-service\\spa-lab3\\src\\components\\Top\\TopList.jsx","statementMap":{"0":{"start":{"line":5,"column":32},"end":{"line":5,"column":46}},"1":{"start":{"line":6,"column":24},"end":{"line":6,"column":36}},"2":{"start":{"line":8,"column":2},"end":{"line":30,"column":9}},"3":{"start":{"line":10,"column":6},"end":{"line":10,"column":23}},"4":{"start":{"line":11,"column":6},"end":{"line":27,"column":7}},"5":{"start":{"line":12,"column":21},"end":{"line":12,"column":41}},"6":{"start":{"line":13,"column":23},"end":{"line":19,"column":37}},"7":{"start":{"line":14,"column":25},"end":{"line":16,"column":11}},"8":{"start":{"line":15,"column":12},"end":{"line":15,"column":63}},"9":{"start":{"line":17,"column":22},"end":{"line":17,"column":71}},"10":{"start":{"line":17,"column":46},"end":{"line":17,"column":51}},"11":{"start":{"line":18,"column":10},"end":{"line":18,"column":58}},"12":{"start":{"line":19,"column":23},"end":{"line":19,"column":36}},"13":{"start":{"line":21,"column":8},"end":{"line":21,"column":23}},"14":{"start":{"line":23,"column":8},"end":{"line":23,"column":25}},"15":{"start":{"line":24,"column":8},"end":{"line":24,"column":65}},"16":{"start":{"line":26,"column":8},"end":{"line":26,"column":26}},"17":{"start":{"line":29,"column":4},"end":{"line":29,"column":11}},"18":{"start":{"line":32,"column":2},"end":{"line":32,"column":51}},"19":{"start":{"line":32,"column":15},"end":{"line":32,"column":51}},"20":{"start":{"line":33,"column":2},"end":{"line":33,"column":69}},"21":{"start":{"line":33,"column":24},"end":{"line":33,"column":69}},"22":{"start":{"line":35,"column":2},"end":{"line":44,"column":4}},"23":{"start":{"line":40,"column":10},"end":{"line":40,"column":52}}},"fnMap":{"0":{"name":"TopList","decl":{"start":{"line":4,"column":24},"end":{"line":4,"column":31}},"loc":{"start":{"line":4,"column":34},"end":{"line":45,"column":1}},"line":4},"1":{"name":"(anonymous_1)","decl":{"start":{"line":8,"column":12},"end":{"line":8,"column":13}},"loc":{"start":{"line":8,"column":18},"end":{"line":30,"column":3}},"line":8},"2":{"name":"load","decl":{"start":{"line":9,"column":19},"end":{"line":9,"column":23}},"loc":{"start":{"line":9,"column":26},"end":{"line":28,"column":5}},"line":9},"3":{"name":"(anonymous_3)","decl":{"start":{"line":13,"column":32},"end":{"line":13,"column":33}},"loc":{"start":{"line":13,"column":37},"end":{"line":19,"column":9}},"line":13},"4":{"name":"(anonymous_4)","decl":{"start":{"line":14,"column":55},"end":{"line":14,"column":56}},"loc":{"start":{"line":15,"column":12},"end":{"line":15,"column":63}},"line":15},"5":{"name":"(anonymous_5)","decl":{"start":{"line":17,"column":36},"end":{"line":17,"column":37}},"loc":{"start":{"line":17,"column":46},"end":{"line":17,"column":51}},"line":17},"6":{"name":"(anonymous_6)","decl":{"start":{"line":19,"column":18},"end":{"line":19,"column":19}},"loc":{"start":{"line":19,"column":23},"end":{"line":19,"column":36}},"line":19},"7":{"name":"(anonymous_7)","decl":{"start":{"line":39,"column":17},"end":{"line":39,"column":18}},"loc":{"start":{"line":40,"column":10},"end":{"line":40,"column":52}},"line":40}},"branchMap":{"0":{"loc":{"start":{"line":32,"column":2},"end":{"line":32,"column":51}},"type":"if","locations":[{"start":{"line":32,"column":2},"end":{"line":32,"column":51}},{"start":{},"end":{}}],"line":32},"1":{"loc":{"start":{"line":33,"column":2},"end":{"line":33,"column":69}},"type":"if","locations":[{"start":{"line":33,"column":2},"end":{"line":33,"column":69}},{"start":{},"end":{}}],"line":33}},"s":{"0":4,"1":4,"2":4,"3":2,"4":2,"5":2,"6":2,"7":4,"8":8,"9":4,"10":8,"11":4,"12":4,"13":2,"14":0,"15":0,"16":2,"17":2,"18":4,"19":2,"20":2,"21":1,"22":1,"23":1},"f":{"0":4,"1":2,"2":2,"3":4,"4":8,"5":8,"6":4,"7":1},"b":{"0":[2,2],"1":[1,1]},"_coverageSchema":"1a1c01bbd47fc00a2c39e90264f33305004495a9","hash":"c6994622ae3c069defdf782b12c8a72d12b7d043"}
,"C:\\Users\\Taksist\\Desktop\\student-rating-service\\spa-lab3\\src\\components\\Users\\UserForm.jsx": {"path":"C:\\Users\\Taksist\\Desktop\\student-rating-service\\spa-lab3\\src\\components\\Users\\UserForm.jsx","statementMap":{"0":{"start":{"line":6,"column":17},"end":{"line":6,"column":28}},"1":{"start":{"line":7,"column":17},"end":{"line":7,"column":21}},"2":{"start":{"line":8,"column":26},"end":{"line":8,"column":38}},"3":{"start":{"line":9,"column":26},"end":{"line":9,"column":45}},"4":{"start":{"line":10,"column":14},"end":{"line":10,"column":27}},"5":{"start":{"line":12,"column":2},"end":{"line":20,"column":11}},"6":{"start":{"line":13,"column":4},"end":{"line":19,"column":5}},"7":{"start":{"line":14,"column":6},"end":{"line":18,"column":9}},"8":{"start":{"line":15,"column":18},"end":{"line":15,"column":45}},"9":{"start":{"line":15,"column":33},"end":{"line":15,"column":44}},"10":{"start":{"line":16,"column":8},"end":{"line":16,"column":24}},"11":{"start":{"line":17,"column":8},"end":{"line":17,"column":24}},"12":{"start":{"line":23,"column":4},"end":{"line":23,"column":23}},"13":{"start":{"line":24,"column":15},"end":{"line":24,"column":47}},"14":{"start":{"line":25,"column":4},"end":{"line":26,"column":33}},"15":{"start":{"line":26,"column":18},"end":{"line":26,"column":31}},"16":{"start":{"line":29,"column":2},"end":{"line":48,"column":4}},"17":{"start":{"line":35,"column":45},"end":{"line":35,"column":68}},"18":{"start":{"line":39,"column":46},"end":{"line":39,"column":69}},"19":{"start":{"line":45,"column":61},"end":{"line":45,"column":74}}},"fnMap":{"0":{"name":"UserForm","decl":{"start":{"line":5,"column":24},"end":{"line":5,"column":32}},"loc":{"start":{"line":5,"column":35},"end":{"line":49,"column":1}},"line":5},"1":{"name":"(anonymous_1)","decl":{"start":{"line":12,"column":12},"end":{"line":12,"column":13}},"loc":{"start":{"line":12,"column":18},"end":{"line":20,"column":3}},"line":12},"2":{"name":"(anonymous_2)","decl":{"start":{"line":14,"column":24},"end":{"line":14,"column":25}},"loc":{"start":{"line":14,"column":32},"end":{"line":18,"column":7}},"line":14},"3":{"name":"(anonymous_3)","decl":{"start":{"line":15,"column":28},"end":{"line":15,"column":29}},"loc":{"start":{"line":15,"column":33},"end":{"line":15,"column":44}},"line":15},"4":{"name":"onSubmit","decl":{"start":{"line":22,"column":11},"end":{"line":22,"column":19}},"loc":{"start":{"line":22,"column":23},"end":{"line":27,"column":3}},"line":22},"5":{"name":"(anonymous_5)","decl":{"start":{"line":26,"column":12},"end":{"line":26,"column":13}},"loc":{"start":{"line":26,"column":18},"end":{"line":26,"column":31}},"line":26},"6":{"name":"(anonymous_6)","decl":{"start":{"line":35,"column":40},"end":{"line":35,"column":41}},"loc":{"start":{"line":35,"column":45},"end":{"line":35,"column":68}},"line":35},"7":{"name":"(anonymous_7)","decl":{"start":{"line":39,"column":41},"end":{"line":39,"column":42}},"loc":{"start":{"line":39,"column":46},"end":{"line":39,"column":69}},"line":39},"8":{"name":"(anonymous_8)","decl":{"start":{"line":45,"column":55},"end":{"line":45,"column":56}},"loc":{"start":{"line":45,"column":61},"end":{"line":45,"column":74}},"line":45}},"branchMap":{"0":{"loc":{"start":{"line":13,"column":4},"end":{"line":19,"column":5}},"type":"if","locations":[{"start":{"line":13,"column":4},"end":{"line":19,"column":5}},{"start":{},"end":{}}],"line":13},"1":{"loc":{"start":{"line":24,"column":15},"end":{"line":24,"column":47}},"type":"cond-expr","locations":[{"start":{"line":24,"column":24},"end":{"line":24,"column":34}},{"start":{"line":24,"column":37},"end":{"line":24,"column":47}}],"line":24},"2":{"loc":{"start":{"line":25,"column":7},"end":{"line":25,"column":35}},"type":"cond-expr","locations":[{"start":{"line":25,"column":16},"end":{"line":25,"column":18}},{"start":{"line":25,"column":21},"end":{"line":25,"column":35}}],"line":25},"3":{"loc":{"start":{"line":25,"column":37},"end":{"line":25,"column":77}},"type":"cond-expr","locations":[{"start":{"line":25,"column":46},"end":{"line":25,"column":60}},{"start":{"line":25,"column":63},"end":{"line":25,"column":77}}],"line":25},"4":{"loc":{"start":{"line":31,"column":11},"end":{"line":31,"column":47}},"type":"cond-expr","locations":[{"start":{"line":31,"column":20},"end":{"line":31,"column":34}},{"start":{"line":31,"column":37},"end":{"line":31,"column":47}}],"line":31}},"s":{"0":10,"1":10,"2":10,"3":10,"4":10,"5":10,"6":5,"7":2,"8":2,"9":3,"10":2,"11":2,"12":2,"13":2,"14":2,"15":2,"16":10,"17":1,"18":2,"19":1},"f":{"0":10,"1":5,"2":2,"3":3,"4":2,"5":2,"6":1,"7":2,"8":1},"b":{"0":[2,3],"1":[1,1],"2":[1,1],"3":[1,1],"4":[5,5]},"_coverageSchema":"1a1c01bbd47fc00a2c39e90264f33305004495a9","hash":"b9976c2ace539d41462f8e3756854e1924df17e9"}
,"C:\\Users\\Taksist\\Desktop\\student-rating-service\\spa-lab3\\src\\components\\Users\\UserList.jsx": {"path":"C:\\Users\\Taksist\\Desktop\\student-rating-service\\spa-lab3\\src\\components\\Users\\UserList.jsx","statementMap":{"0":{"start":{"line":6,"column":28},"end":{"line":6,"column":40}},"1":{"start":{"line":7,"column":14},"end":{"line":7,"column":27}},"2":{"start":{"line":9,"column":2},"end":{"line":11,"column":9}},"3":{"start":{"line":10,"column":4},"end":{"line":10,"column":32}},"4":{"start":{"line":14,"column":4},"end":{"line":14,"column":41}},"5":{"start":{"line":14,"column":34},"end":{"line":14,"column":41}},"6":{"start":{"line":15,"column":4},"end":{"line":15,"column":59}},"7":{"start":{"line":15,"column":30},"end":{"line":15,"column":57}},"8":{"start":{"line":18,"column":2},"end":{"line":38,"column":4}},"9":{"start":{"line":21,"column":45},"end":{"line":21,"column":65}},"10":{"start":{"line":26,"column":12},"end":{"line":33,"column":17}},"11":{"start":{"line":30,"column":55},"end":{"line":30,"column":81}},"12":{"start":{"line":31,"column":55},"end":{"line":31,"column":69}}},"fnMap":{"0":{"name":"UserList","decl":{"start":{"line":5,"column":24},"end":{"line":5,"column":32}},"loc":{"start":{"line":5,"column":35},"end":{"line":39,"column":1}},"line":5},"1":{"name":"(anonymous_1)","decl":{"start":{"line":9,"column":12},"end":{"line":9,"column":13}},"loc":{"start":{"line":9,"column":18},"end":{"line":11,"column":3}},"line":9},"2":{"name":"onDelete","decl":{"start":{"line":13,"column":11},"end":{"line":13,"column":19}},"loc":{"start":{"line":13,"column":24},"end":{"line":16,"column":3}},"line":13},"3":{"name":"(anonymous_3)","decl":{"start":{"line":15,"column":24},"end":{"line":15,"column":25}},"loc":{"start":{"line":15,"column":30},"end":{"line":15,"column":57}},"line":15},"4":{"name":"(anonymous_4)","decl":{"start":{"line":21,"column":39},"end":{"line":21,"column":40}},"loc":{"start":{"line":21,"column":45},"end":{"line":21,"column":65}},"line":21},"5":{"name":"(anonymous_5)","decl":{"start":{"line":25,"column":21},"end":{"line":25,"column":22}},"loc":{"start":{"line":26,"column":12},"end":{"line":33,"column":17}},"line":26},"6":{"name":"(anonymous_6)","decl":{"start":{"line":30,"column":49},"end":{"line":30,"column":50}},"loc":{"start":{"line":30,"column":55},"end":{"line":30,"column":81}},"line":30},"7":{"name":"(anonymous_7)","decl":{"start":{"line":31,"column":49},"end":{"line":31,"column":50}},"loc":{"start":{"line":31,"column":55},"end":{"line":31,"column":69}},"line":31}},"branchMap":{"0":{"loc":{"start":{"line":14,"column":4},"end":{"line":14,"column":41}},"type":"if","locations":[{"start":{"line":14,"column":4},"end":{"line":14,"column":41}},{"start":{},"end":{}}],"line":14}},"s":{"0":7,"1":7,"2":7,"3":4,"4":1,"5":0,"6":1,"7":1,"8":7,"9":1,"10":4,"11":1,"12":1},"f":{"0":7,"1":4,"2":1,"3":1,"4":1,"5":4,"6":1,"7":1},"b":{"0":[0,1]},"_coverageSchema":"1a1c01bbd47fc00a2c39e90264f33305004495a9","hash":"14b2d7b3f1b29d517dc46e0cb1ee8df6f37b2fdf"}
,"C:\\Users\\Taksist\\Desktop\\student-rating-service\\spa-lab3\\src\\context\\AuthContext.jsx": {"path":"C:\\Users\\Taksist\\Desktop\\student-rating-service\\spa-lab3\\src\\context\\AuthContext.jsx","statementMap":{"0":{"start":{"line":3,"column":27},"end":{"line":3,"column":42}},"1":{"start":{"line":6,"column":30},"end":{"line":6,"column":45}},"2":{"start":{"line":7,"column":2},"end":{"line":9,"column":9}},"3":{"start":{"line":8,"column":4},"end":{"line":8,"column":53}},"4":{"start":{"line":12,"column":4},"end":{"line":12,"column":47}},"5":{"start":{"line":13,"column":4},"end":{"line":13,"column":20}},"6":{"start":{"line":16,"column":4},"end":{"line":16,"column":43}},"7":{"start":{"line":17,"column":4},"end":{"line":17,"column":21}},"8":{"start":{"line":20,"column":2},"end":{"line":24,"column":4}}},"fnMap":{"0":{"name":"AuthProvider","decl":{"start":{"line":5,"column":16},"end":{"line":5,"column":28}},"loc":{"start":{"line":5,"column":43},"end":{"line":25,"column":1}},"line":5},"1":{"name":"(anonymous_1)","decl":{"start":{"line":7,"column":12},"end":{"line":7,"column":13}},"loc":{"start":{"line":7,"column":18},"end":{"line":9,"column":3}},"line":7},"2":{"name":"login","decl":{"start":{"line":11,"column":11},"end":{"line":11,"column":16}},"loc":{"start":{"line":11,"column":24},"end":{"line":14,"column":3}},"line":11},"3":{"name":"logout","decl":{"start":{"line":15,"column":11},"end":{"line":15,"column":17}},"loc":{"start":{"line":15,"column":20},"end":{"line":18,"column":3}},"line":15}},"branchMap":{},"s":{"0":0,"1":0,"2":0,"3":0,"4":0,"5":0,"6":0,"7":0,"8":0},"f":{"0":0,"1":0,"2":0,"3":0},"b":{}}
,"C:\\Users\\Taksist\\Desktop\\student-rating-service\\spa-lab3\\src\\routes\\AppRoutes.jsx": {"path":"C:\\Users\\Taksist\\Desktop\\student-rating-service\\spa-lab3\\src\\routes\\AppRoutes.jsx","statementMap":{"0":{"start":{"line":18,"column":2},"end":{"line":35,"column":4}}},"fnMap":{"0":{"name":"AppRoutes","decl":{"start":{"line":17,"column":24},"end":{"line":17,"column":33}},"loc":{"start":{"line":17,"column":36},"end":{"line":36,"column":1}},"line":17}},"branchMap":{},"s":{"0":0},"f":{"0":0},"b":{}}
}
