TN:
SF:src\App.jsx
FN:6,App
FNF:1
FNH:0
FNDA:0,App
DA:7,0
DA:9,0
LF:2
LH:0
BRDA:13,0,0,0
BRDA:13,0,1,0
BRF:2
BRH:0
end_of_record
TN:
SF:src\main.jsx
FNF:0
FNH:0
DA:10,0
LF:1
LH:0
BRF:0
BRH:0
end_of_record
TN:
SF:src\api\api.js
FN:3,handleRes
FN:8,fetchUsers
FN:12,createUser
FN:20,updateUser
FN:28,deleteUser
FN:33,fetchRatings
FN:37,fetchRatingById
FN:41,createRating
FN:49,updateRating
FNF:9
FNH:9
FNDA:7,handleRes
FNDA:1,fetchUsers
FNDA:1,createUser
FNDA:1,updateUser
FNDA:1,deleteUser
FNDA:1,fetchRatings
FNDA:1,fetchRatingById
FNDA:1,createRating
FNDA:1,updateRating
DA:1,1
DA:4,7
DA:5,7
DA:9,1
DA:10,1
DA:13,1
DA:18,1
DA:21,1
DA:26,1
DA:29,1
DA:30,1
DA:34,1
DA:35,1
DA:38,1
DA:39,1
DA:42,1
DA:47,1
DA:50,1
DA:55,1
LF:19
LH:19
BRDA:4,0,0,0
BRDA:4,0,1,7
BRDA:30,1,0,0
BRDA:30,1,1,1
BRF:4
BRH:2
end_of_record
TN:
SF:src\components\Home.jsx
FN:3,Home
FNF:1
FNH:0
FNDA:0,Home
DA:4,0
LF:1
LH:0
BRF:0
BRH:0
end_of_record
TN:
SF:src\components\Auth\Login.jsx
FN:5,Login
FN:11,onSubmit
FN:24,(anonymous_2)
FN:31,(anonymous_3)
FNF:4
FNH:0
FNDA:0,Login
FNDA:0,onSubmit
FNDA:0,(anonymous_2)
FNDA:0,(anonymous_3)
DA:6,0
DA:7,0
DA:8,0
DA:9,0
DA:12,0
DA:13,0
DA:14,0
DA:17,0
DA:24,0
DA:31,0
LF:10
LH:0
BRF:0
BRH:0
end_of_record
TN:
SF:src\components\Auth\Logout.jsx
FN:4,Logout
FN:6,(anonymous_1)
FNF:2
FNH:0
FNDA:0,Logout
FNDA:0,(anonymous_1)
DA:5,0
DA:6,0
DA:7,0
LF:3
LH:0
BRF:0
BRH:0
end_of_record
TN:
SF:src\components\Auth\ProtectedRoute.jsx
FN:5,ProtectedRoute
FNF:1
FNH:0
FNDA:0,ProtectedRoute
DA:6,0
DA:7,0
LF:2
LH:0
BRDA:7,0,0,0
BRDA:7,0,1,0
BRF:2
BRH:0
end_of_record
TN:
SF:src\components\Ratings\RatingForm.jsx
FN:13,RatingForm
FN:21,(anonymous_1)
FN:22,load
FN:38,handleChange
FN:40,(anonymous_4)
FN:49,onSubmit
FN:74,(anonymous_6)
FN:79,(anonymous_7)
FN:84,(anonymous_8)
FN:92,(anonymous_9)
FN:103,(anonymous_10)
FN:114,(anonymous_11)
FNF:12
FNH:11
FNDA:10,RatingForm
FNDA:3,(anonymous_1)
FNDA:3,load
FNDA:1,handleChange
FNDA:1,(anonymous_4)
FNDA:1,onSubmit
FNDA:1,(anonymous_6)
FNDA:30,(anonymous_7)
FNDA:150,(anonymous_8)
FNDA:1,(anonymous_9)
FNDA:0,(anonymous_10)
FNDA:1,(anonymous_11)
DA:5,1
DA:14,10
DA:15,10
DA:17,10
DA:18,10
DA:19,10
DA:21,10
DA:23,3
DA:24,3
DA:25,3
DA:26,3
DA:27,3
DA:29,0
DA:30,0
DA:32,3
DA:35,3
DA:39,1
DA:40,1
DA:50,1
DA:51,1
DA:52,1
DA:53,1
DA:54,1
DA:56,0
DA:57,0
DA:59,1
DA:63,10
DA:65,6
DA:74,1
DA:80,30
DA:81,30
DA:85,150
DA:92,1
DA:103,0
DA:114,1
LF:35
LH:30
BRDA:26,0,0,3
BRDA:26,0,1,0
BRDA:27,1,0,3
BRDA:27,1,1,0
BRDA:63,2,0,4
BRDA:63,2,1,6
BRDA:80,3,0,30
BRDA:80,3,1,0
BRF:8
BRH:5
end_of_record
TN:
SF:src\components\Ratings\RatingList.jsx
FN:13,RatingList
FN:18,(anonymous_1)
FN:19,load
FN:26,(anonymous_3)
FN:27,(anonymous_4)
FN:28,(anonymous_5)
FN:31,(anonymous_6)
FN:40,(anonymous_7)
FN:44,(anonymous_8)
FN:70,(anonymous_9)
FN:78,(anonymous_10)
FNF:11
FNH:11
FNDA:4,RatingList
FNDA:2,(anonymous_1)
FNDA:2,load
FNDA:3,(anonymous_3)
FNDA:2,(anonymous_4)
FNDA:1,(anonymous_5)
FNDA:5,(anonymous_6)
FNDA:10,(anonymous_7)
FNDA:10,(anonymous_8)
FNDA:2,(anonymous_9)
FNDA:1,(anonymous_10)
DA:5,1
DA:14,4
DA:15,4
DA:16,4
DA:18,4
DA:20,2
DA:21,2
DA:22,2
DA:26,3
DA:27,2
DA:28,2
DA:29,2
DA:30,1
DA:31,1
DA:32,5
DA:34,1
DA:40,2
DA:41,10
DA:42,10
DA:44,10
DA:45,2
DA:47,2
DA:49,0
DA:50,0
DA:52,2
DA:55,2
DA:58,4
DA:60,2
DA:71,2
DA:78,1
LF:30
LH:28
BRDA:29,0,0,1
BRDA:29,0,1,1
BRDA:36,1,0,1
BRDA:36,1,1,0
BRDA:45,2,0,2
BRDA:45,2,1,0
BRDA:58,3,0,2
BRDA:58,3,1,2
BRF:8
BRH:6
end_of_record
TN:
SF:src\components\Top\TopList.jsx
FN:4,TopList
FN:8,(anonymous_1)
FN:9,load
FN:13,(anonymous_3)
FN:14,(anonymous_4)
FN:17,(anonymous_5)
FN:19,(anonymous_6)
FN:39,(anonymous_7)
FNF:8
FNH:8
FNDA:4,TopList
FNDA:2,(anonymous_1)
FNDA:2,load
FNDA:4,(anonymous_3)
FNDA:8,(anonymous_4)
FNDA:8,(anonymous_5)
FNDA:4,(anonymous_6)
FNDA:1,(anonymous_7)
DA:5,4
DA:6,4
DA:8,4
DA:10,2
DA:11,2
DA:12,2
DA:13,2
DA:14,4
DA:15,8
DA:17,8
DA:18,4
DA:19,4
DA:21,2
DA:23,0
DA:24,0
DA:26,2
DA:29,2
DA:32,4
DA:33,2
DA:35,1
DA:40,1
LF:21
LH:19
BRDA:32,0,0,2
BRDA:32,0,1,2
BRDA:33,1,0,1
BRDA:33,1,1,1
BRF:4
BRH:4
end_of_record
TN:
SF:src\components\Users\UserForm.jsx
FN:5,UserForm
FN:12,(anonymous_1)
FN:14,(anonymous_2)
FN:15,(anonymous_3)
FN:22,onSubmit
FN:26,(anonymous_5)
FN:35,(anonymous_6)
FN:39,(anonymous_7)
FN:45,(anonymous_8)
FNF:9
FNH:9
FNDA:10,UserForm
FNDA:5,(anonymous_1)
FNDA:2,(anonymous_2)
FNDA:3,(anonymous_3)
FNDA:2,onSubmit
FNDA:2,(anonymous_5)
FNDA:1,(anonymous_6)
FNDA:2,(anonymous_7)
FNDA:1,(anonymous_8)
DA:6,10
DA:7,10
DA:8,10
DA:9,10
DA:10,10
DA:12,10
DA:13,5
DA:14,2
DA:15,3
DA:16,2
DA:17,2
DA:23,2
DA:24,2
DA:25,2
DA:26,2
DA:29,10
DA:35,1
DA:39,2
DA:45,1
LF:19
LH:19
BRDA:13,0,0,2
BRDA:13,0,1,3
BRDA:24,1,0,1
BRDA:24,1,1,1
BRDA:25,2,0,1
BRDA:25,2,1,1
BRDA:25,3,0,1
BRDA:25,3,1,1
BRDA:31,4,0,5
BRDA:31,4,1,5
BRF:10
BRH:10
end_of_record
TN:
SF:src\components\Users\UserList.jsx
FN:5,UserList
FN:9,(anonymous_1)
FN:13,onDelete
FN:15,(anonymous_3)
FN:21,(anonymous_4)
FN:25,(anonymous_5)
FN:30,(anonymous_6)
FN:31,(anonymous_7)
FNF:8
FNH:8
FNDA:7,UserList
FNDA:4,(anonymous_1)
FNDA:1,onDelete
FNDA:1,(anonymous_3)
FNDA:1,(anonymous_4)
FNDA:4,(anonymous_5)
FNDA:1,(anonymous_6)
FNDA:1,(anonymous_7)
DA:6,7
DA:7,7
DA:9,7
DA:10,4
DA:14,1
DA:15,1
DA:18,7
DA:21,1
DA:26,4
DA:30,1
DA:31,1
LF:11
LH:11
BRDA:14,0,0,0
BRDA:14,0,1,1
BRF:2
BRH:1
end_of_record
TN:
SF:src\context\AuthContext.jsx
FN:5,AuthProvider
FN:7,(anonymous_1)
FN:11,login
FN:15,logout
FNF:4
FNH:0
FNDA:0,AuthProvider
FNDA:0,(anonymous_1)
FNDA:0,login
FNDA:0,logout
DA:3,0
DA:6,0
DA:7,0
DA:8,0
DA:12,0
DA:13,0
DA:16,0
DA:17,0
DA:20,0
LF:9
LH:0
BRF:0
BRH:0
end_of_record
TN:
SF:src\routes\AppRoutes.jsx
FN:17,AppRoutes
FNF:1
FNH:0
FNDA:0,AppRoutes
DA:18,0
LF:1
LH:0
BRF:0
BRH:0
end_of_record
